<?xml version="1.0" encoding="UTF-8"?>
<!-- Generated by org.testng.reporters.JUnitReportReporter -->
<testsuite skipped="0" hostname="DESKTOP-NCEPSBE" name="com.training.sanity.tests.LoginTests" tests="1" failures="0" timestamp="01 Apr 2020 06:23:33 GMT" time="20.045" errors="0">
  <testcase name="validLoginTest" time="20.045" classname="com.training.sanity.tests.LoginTests"/>
</testsuite> <!-- com.training.sanity.tests.LoginTests -->
